{"name": "Verify Customer Service UI", "status": "broken", "statusDetails": {"message": "selenium.common.exceptions.NoSuchElementException: Message: no such element: Unable to locate element: {\"method\":\"css selector\",\"selector\":\"a[href*=\"nav_cs_fs_hub_navbar_c\"]\"}\n  (Session info: chrome=117.0.5938.92); For documentation on this error, please visit: https://www.selenium.dev/documentation/webdriver/troubleshooting/errors#no-such-element-exception\nStacktrace:\n\tGetHandleVerifier [0x00007FF7507852A2+57122]\n\t(No symbol) [0x00007FF7506FEA92]\n\t(No symbol) [0x00007FF7505CE3AB]\n\t(No symbol) [0x00007FF750607D3E]\n\t(No symbol) [0x00007FF750607E2C]\n\t(No symbol) [0x00007FF750640B67]\n\t(No symbol) [0x00007FF75062701F]\n\t(No symbol) [0x00007FF75063EB82]\n\t(No symbol) [0x00007FF750626DB3]\n\t(No symbol) [0x00007FF7505FD2B1]\n\t(No symbol) [0x00007FF7505FE494]\n\tGetHandleVerifier [0x00007FF750A2EF82+2849794]\n\tGetHandleVerifier [0x00007FF750A81D24+3189156]\n\tGetHandleVerifier [0x00007FF750A7ACAF+3160367]\n\tGetHandleVerifier [0x00007FF750816D06+653702]\n\t(No symbol) [0x00007FF75070A208]\n\t(No symbol) [0x00007FF7507062C4]\n\t(No symbol) [0x00007FF7507063F6]\n\t(No symbol) [0x00007FF7506F67A3]\n\tBaseThreadInitThunk [0x00007FF800CE257D+29]\n\tRtlUserThreadStart [0x00007FF80298AA68+40]\n\n", "trace": "  File \"C:\\Users\\ktknu\\AppData\\Local\\Programs\\Python\\Python311\\Lib\\site-packages\\behave\\model.py\", line 1329, in run\n    match.run(runner.context)\n  File \"C:\\Users\\ktknu\\AppData\\Local\\Programs\\Python\\Python311\\Lib\\site-packages\\behave\\matchers.py\", line 98, in run\n    self.func(context, *args, **kwargs)\n  File \"features\\steps\\main_page_steps.py\", line 27, in open_customer_service\n    context.app.main_page.open_customer_service()\n  File \"C:\\Users\\ktknu\\python-selenium-automation\\pages\\main_page.py\", line 23, in open_customer_service\n    self.driver.find_element(*self.CUSTOMER_SERVICE).click()\n    ^^^^^^^^^^^^^^^^^^^^^^^^^^^^^^^^^^^^^^^^^^^^^^^^\n  File \"C:\\Users\\ktknu\\AppData\\Local\\Programs\\Python\\Python311\\Lib\\site-packages\\selenium\\webdriver\\remote\\webdriver.py\", line 739, in find_element\n    return self.execute(Command.FIND_ELEMENT, {\"using\": by, \"value\": value})[\"value\"]\n           ^^^^^^^^^^^^^^^^^^^^^^^^^^^^^^^^^^^^^^^^^^^^^^^^^^^^^^^^^^^^^^^^^\n  File \"C:\\Users\\ktknu\\AppData\\Local\\Programs\\Python\\Python311\\Lib\\site-packages\\selenium\\webdriver\\remote\\webdriver.py\", line 345, in execute\n    self.error_handler.check_response(response)\n  File \"C:\\Users\\ktknu\\AppData\\Local\\Programs\\Python\\Python311\\Lib\\site-packages\\selenium\\webdriver\\remote\\errorhandler.py\", line 229, in check_response\n    raise exception_class(message, screen, stacktrace)\n"}, "steps": [{"name": "Given Open Amazon Customer Service page", "status": "broken", "statusDetails": {"message": "selenium.common.exceptions.NoSuchElementException: Message: no such element: Unable to locate element: {\"method\":\"css selector\",\"selector\":\"a[href*=\"nav_cs_fs_hub_navbar_c\"]\"}\n  (Session info: chrome=117.0.5938.92); For documentation on this error, please visit: https://www.selenium.dev/documentation/webdriver/troubleshooting/errors#no-such-element-exception\nStacktrace:\n\tGetHandleVerifier [0x00007FF7507852A2+57122]\n\t(No symbol) [0x00007FF7506FEA92]\n\t(No symbol) [0x00007FF7505CE3AB]\n\t(No symbol) [0x00007FF750607D3E]\n\t(No symbol) [0x00007FF750607E2C]\n\t(No symbol) [0x00007FF750640B67]\n\t(No symbol) [0x00007FF75062701F]\n\t(No symbol) [0x00007FF75063EB82]\n\t(No symbol) [0x00007FF750626DB3]\n\t(No symbol) [0x00007FF7505FD2B1]\n\t(No symbol) [0x00007FF7505FE494]\n\tGetHandleVerifier [0x00007FF750A2EF82+2849794]\n\tGetHandleVerifier [0x00007FF750A81D24+3189156]\n\tGetHandleVerifier [0x00007FF750A7ACAF+3160367]\n\tGetHandleVerifier [0x00007FF750816D06+653702]\n\t(No symbol) [0x00007FF75070A208]\n\t(No symbol) [0x00007FF7507062C4]\n\t(No symbol) [0x00007FF7507063F6]\n\t(No symbol) [0x00007FF7506F67A3]\n\tBaseThreadInitThunk [0x00007FF800CE257D+29]\n\tRtlUserThreadStart [0x00007FF80298AA68+40]\n\n", "trace": "  File \"C:\\Users\\ktknu\\AppData\\Local\\Programs\\Python\\Python311\\Lib\\site-packages\\behave\\model.py\", line 1329, in run\n    match.run(runner.context)\n  File \"C:\\Users\\ktknu\\AppData\\Local\\Programs\\Python\\Python311\\Lib\\site-packages\\behave\\matchers.py\", line 98, in run\n    self.func(context, *args, **kwargs)\n  File \"features\\steps\\main_page_steps.py\", line 27, in open_customer_service\n    context.app.main_page.open_customer_service()\n  File \"C:\\Users\\ktknu\\python-selenium-automation\\pages\\main_page.py\", line 23, in open_customer_service\n    self.driver.find_element(*self.CUSTOMER_SERVICE).click()\n    ^^^^^^^^^^^^^^^^^^^^^^^^^^^^^^^^^^^^^^^^^^^^^^^^\n  File \"C:\\Users\\ktknu\\AppData\\Local\\Programs\\Python\\Python311\\Lib\\site-packages\\selenium\\webdriver\\remote\\webdriver.py\", line 739, in find_element\n    return self.execute(Command.FIND_ELEMENT, {\"using\": by, \"value\": value})[\"value\"]\n           ^^^^^^^^^^^^^^^^^^^^^^^^^^^^^^^^^^^^^^^^^^^^^^^^^^^^^^^^^^^^^^^^^\n  File \"C:\\Users\\ktknu\\AppData\\Local\\Programs\\Python\\Python311\\Lib\\site-packages\\selenium\\webdriver\\remote\\webdriver.py\", line 345, in execute\n    self.error_handler.check_response(response)\n  File \"C:\\Users\\ktknu\\AppData\\Local\\Programs\\Python\\Python311\\Lib\\site-packages\\selenium\\webdriver\\remote\\errorhandler.py\", line 229, in check_response\n    raise exception_class(message, screen, stacktrace)\n"}, "start": 1696026374341, "stop": 1696026390951}, {"name": "Then Verify UI elements", "status": "skipped", "start": 1696026393474, "stop": 1696026393474}], "start": 1696026372873, "stop": 1696026393474, "uuid": "65c4c15c-b7a1-494f-8ed0-57b7cb2be21e", "historyId": "45343d92b7d5fc5d21cb6331708d4f03", "fullName": "Test for Main page UI: Verify Customer Service UI", "labels": [{"name": "severity", "value": "normal"}, {"name": "tag", "value": "smoke"}, {"name": "feature", "value": "Test for Main page UI"}, {"name": "framework", "value": "behave"}, {"name": "language", "value": "cpython3"}]}